
=============================================================
Maximum time lag applied 2

Delta days accounted:  2
Size of data frame:  (5456, 27)
Number of NaN after merging:  2349
Number of NaN after time interpolation:  0
Number of NaN after mean interpolation:  0
dataset :             Return_SP500  SP500Time2  SP500RolMean2  Return_Nasdaq  \
Date                                                                 
1993-01-04     -0.000757   -0.007839      -0.003922      -0.007608   
1993-01-05     -0.002389   -0.003144      -0.001573       0.003781   
1993-01-06      0.000414   -0.001975      -0.000987       0.011137   
1993-01-07     -0.008722   -0.008311      -0.004154      -0.005338   
1993-01-08     -0.003900   -0.012589      -0.006311      -0.001474   
1993-01-11      0.004428    0.000511       0.000264       0.007664   
1993-01-12      0.000209    0.004638       0.002319      -0.004323   
1993-01-13      0.004617    0.004827       0.002413       0.010788   
1993-01-14      0.006720    0.011368       0.005668       0.012988   
1993-01-15      0.002776    0.009514       0.004748       0.002084   
1993-01-18     -0.000709    0.002064       0.001033       0.001406   
1993-01-19     -0.003914   -0.004621      -0.002312      -0.001891   
1993-01-20     -0.004045   -0.007943      -0.003980       0.000904   
1993-01-21      0.004892    0.000827       0.000424       0.004775   
1993-01-22      0.001424    0.006323       0.003158       0.001227   
1993-01-25      0.008943    0.010379       0.005183       0.007582   
1993-01-26     -0.000136    0.008805       0.004403       0.000297   
1993-01-27     -0.004182   -0.004318      -0.002159      -0.013095   
1993-01-28      0.001255   -0.002932      -0.001463      -0.004628   
1993-01-29      0.000274    0.001529       0.000764       0.002404   
1993-02-01      0.008524    0.008799       0.004399       0.007798   
1993-02-02      0.000068    0.008592       0.004296       0.004774   
1993-02-03      0.010507    0.010576       0.005288       0.005035   
1993-02-04      0.005277    0.015840       0.007892       0.000254   
1993-02-05     -0.001401    0.003868       0.001938      -0.011102   
1993-02-08     -0.002406   -0.003804      -0.001904      -0.003623   
1993-02-09     -0.005627   -0.008019      -0.004016      -0.008920   
1993-02-10      0.002021   -0.003617      -0.001803       0.004059   
1993-02-11      0.003205    0.005232       0.002613       0.001237   
1993-02-12     -0.006880   -0.003698      -0.001838      -0.007674   
...                  ...         ...            ...            ...   
2014-07-21     -0.002320    0.007921       0.003972      -0.001681   
2014-07-22      0.005016    0.002684       0.001348       0.007078   
2014-07-23      0.001754    0.006779       0.003385       0.003968   
2014-07-24      0.000488    0.002243       0.001121      -0.000355   
2014-07-25     -0.004849   -0.004363      -0.002180      -0.005042   
2014-07-28      0.000288   -0.004562      -0.002280      -0.001045   
2014-07-29     -0.004528   -0.004241      -0.002120      -0.000497   
2014-07-30      0.000061   -0.004467      -0.002233       0.004547   
2014-07-31     -0.019999   -0.019940      -0.009969      -0.020868   
2014-08-01     -0.002859   -0.022801      -0.011429      -0.003920   
2014-08-04      0.007189    0.004309       0.002165       0.007180   
2014-08-05     -0.009685   -0.002566      -0.001248      -0.007083   
2014-08-06      0.000016   -0.009670      -0.004835       0.000508   
2014-08-07     -0.005557   -0.005541      -0.002770      -0.004611   
2014-08-08      0.011531    0.005911       0.002987       0.008288   
2014-08-11      0.002759    0.014323       0.007145       0.006962   
2014-08-12     -0.001637    0.001118       0.000561      -0.002745   
2014-08-13      0.006707    0.005060       0.002535       0.010225   
2014-08-14      0.004346    0.011082       0.005526       0.004256   
2014-08-15     -0.000061    0.004284       0.002142       0.002679   
2014-08-18      0.008532    0.008470       0.004235       0.009716   
2014-08-19      0.005001    0.013575       0.006766       0.004259   
2014-08-20      0.002478    0.007491       0.003739      -0.000227   
2014-08-21      0.002950    0.005435       0.002714       0.001242   
2014-08-22     -0.001993    0.000951       0.000479       0.001423   
2014-08-25      0.004788    0.002786       0.001398       0.004142   
2014-08-26      0.001051    0.005844       0.002919       0.002916   
2014-08-27      0.000050    0.001101       0.000551      -0.000223   
2014-08-28     -0.001690   -0.001640      -0.000820      -0.002609   
2014-08-29      0.003320    0.001625       0.000815       0.004952   

            NasdaqTime2  NasdaqRolMean2  Return_Djia  DjiaTime2  DjiaRolMean2  \
Date                                                                            
1993-01-04    -0.000074       -0.000008     0.002451  -0.003583     -0.001784   
1993-01-05    -0.003856       -0.001913    -0.000393   0.002057      0.001029   
1993-01-06     0.014960        0.007459    -0.000816  -0.001209     -0.000605   
1993-01-07     0.005739        0.002899    -0.010952  -0.011760     -0.005884   
1993-01-08    -0.006805       -0.003406    -0.005292  -0.016187     -0.008122   
1993-01-11     0.006178        0.003095     0.003398  -0.001912     -0.000947   
1993-01-12     0.003308        0.001670     0.000567   0.003967      0.001983   
1993-01-13     0.006419        0.003233    -0.000306   0.000261      0.000130   
1993-01-14     0.023916        0.011888     0.001318   0.001011      0.000506   
1993-01-15     0.015099        0.007536     0.000979   0.002298      0.001148   
1993-01-18     0.003493        0.001745     0.001162   0.002142      0.001070   
1993-01-19    -0.000488       -0.000243    -0.005771  -0.004616     -0.002305   
1993-01-20    -0.000988       -0.000493    -0.004300  -0.010046     -0.005035   
1993-01-21     0.005683        0.002839     0.003393  -0.000921     -0.000453   
1993-01-22     0.006008        0.003001     0.001168   0.004565      0.002281   
1993-01-25     0.008819        0.004405     0.010870   0.012050      0.006019   
1993-01-26     0.007882        0.003940     0.002066   0.012957      0.006468   
1993-01-27    -0.012801       -0.006399    -0.002304  -0.000243     -0.000119   
1993-01-28    -0.017662       -0.008861     0.004527   0.002213      0.001112   
1993-01-29    -0.002235       -0.001112     0.001119   0.005651      0.002823   
1993-02-01     0.010221        0.005101     0.006707   0.007834      0.003913   
1993-02-02     0.012609        0.006286    -0.001050   0.005650      0.002828   
1993-02-03     0.009832        0.004904     0.013549   0.012484      0.006249   
1993-02-04     0.005290        0.002644     0.012716   0.026437      0.013132   
1993-02-05    -0.010851       -0.005424     0.007434   0.020244      0.010075   
1993-02-08    -0.014686       -0.007363    -0.001336   0.006088      0.003049   
1993-02-09    -0.012511       -0.006272    -0.006662  -0.007989     -0.003999   
1993-02-10    -0.004897       -0.002430    -0.000644  -0.007302     -0.003653   
1993-02-11     0.005302        0.002648     0.003018   0.002372      0.001187   
1993-02-12    -0.006446       -0.003218    -0.008844  -0.005852     -0.002913   
...                 ...             ...          ...        ...           ...   
2014-07-21     0.014037        0.007032    -0.002833   0.004413      0.002217   
2014-07-22     0.005386        0.002699     0.003625   0.000781      0.000396   
2014-07-23     0.011074        0.005523    -0.001572   0.002047      0.001026   
2014-07-24     0.003611        0.001806    -0.000166  -0.001738     -0.000869   
2014-07-25    -0.005396       -0.002699    -0.007213  -0.007378     -0.003689   
2014-07-28    -0.006082       -0.003044     0.001298  -0.005924     -0.002958   
2014-07-29    -0.001542       -0.000771    -0.004150  -0.002857     -0.001426   
2014-07-30     0.004047        0.002025    -0.001877  -0.006020     -0.003014   
2014-07-31    -0.016416       -0.008160    -0.018783  -0.020625     -0.010330   
2014-08-01    -0.024706       -0.012394    -0.004222  -0.022925     -0.011502   
2014-08-04     0.003231        0.001630     0.004602   0.000361      0.000190   
2014-08-05     0.000046        0.000048    -0.008438  -0.003874     -0.001918   
2014-08-06    -0.006579       -0.003288     0.000844  -0.007601     -0.003797   
2014-08-07    -0.004105       -0.002051    -0.004565  -0.003725     -0.001861   
2014-08-08     0.003639        0.001839     0.011343   0.006726      0.003389   
2014-08-11     0.015308        0.007625     0.000970   0.012323      0.006156   
2014-08-12     0.004198        0.002109    -0.000570   0.000399      0.000200   
2014-08-13     0.007452        0.003740     0.005511   0.004938      0.002471   
2014-08-14     0.014524        0.007240     0.003710   0.009241      0.004610   
2014-08-15     0.006946        0.003467    -0.003032   0.000667      0.000339   
2014-08-18     0.012421        0.006197     0.010552   0.007489      0.003760   
2014-08-19     0.014016        0.006987     0.004801   0.015404      0.007677   
2014-08-20     0.004030        0.002016     0.003519   0.008337      0.004160   
2014-08-21     0.001014        0.000507     0.003555   0.007086      0.003537   
2014-08-22     0.002666        0.001332    -0.002246   0.001301      0.000654   
2014-08-25     0.005571        0.002783     0.004450   0.002194      0.001102   
2014-08-26     0.007071        0.003529     0.001747   0.006204      0.003098   
2014-08-27     0.002692        0.001347     0.000895   0.002643      0.001321   
2014-08-28    -0.002831       -0.001416    -0.002479  -0.001586     -0.000792   
2014-08-29     0.002331        0.001172     0.001105  -0.001376     -0.000687   

            Return_Frankfurt        ...          ParisRolMean2  Return_HKong  \
Date                                ...                                        
1993-01-04         -0.008931        ...              -0.004225     -0.013533   
1993-01-05          0.016391        ...              -0.001867      0.020266   
1993-01-06          0.000000        ...               0.004466      0.006976   
1993-01-07         -0.008931        ...              -0.001683     -0.007053   
1993-01-08         -0.007131        ...              -0.001864     -0.003191   
1993-01-11          0.000326        ...              -0.008060      0.025951   
1993-01-12         -0.001175        ...              -0.015160     -0.000317   
1993-01-13         -0.008953        ...              -0.008884      0.018938   
1993-01-14          0.004748        ...               0.001911      0.019295   
1993-01-15          0.013717        ...               0.012433     -0.003124   
1993-01-18          0.018451        ...               0.009389      0.001737   
1993-01-19          0.003623        ...               0.002900      0.002703   
1993-01-20         -0.002470        ...              -0.005088     -0.003544   
1993-01-21         -0.000762        ...              -0.006957      0.006364   
1993-01-22          0.008833        ...               0.000448      0.004767   
1993-01-25         -0.011590        ...              -0.008861      0.003170   
1993-01-26          0.004461        ...              -0.007556      0.001572   
1993-01-27         -0.008819        ...              -0.000672      0.002735   
1993-01-28          0.003520        ...              -0.003339     -0.022795   
1993-01-29          0.002615        ...              -0.001459     -0.009148   
1993-02-01          0.008461        ...               0.001507     -0.009319   
1993-02-02         -0.001325        ...               0.004257     -0.006195   
1993-02-03          0.011623        ...               0.010687      0.008530   
1993-02-04          0.000062        ...               0.018600      0.011767   
1993-02-05          0.024850        ...               0.022811     -0.005331   
1993-02-08          0.003534        ...               0.013589      0.006873   
1993-02-09         -0.003400        ...              -0.003700      0.000484   
1993-02-10          0.004995        ...              -0.002994      0.007963   
1993-02-11          0.000788        ...               0.003037      0.003667   
1993-02-12          0.006238        ...               0.004928      0.000205   
...                      ...        ...                    ...           ...   
2014-07-21         -0.011108        ...              -0.001303     -0.002884   
2014-07-22          0.012722        ...               0.003999      0.016888   
2014-07-23          0.001975        ...               0.008302      0.007979   
2014-07-24          0.004152        ...               0.004700      0.007076   
2014-07-25         -0.015320        ...              -0.005158      0.003086   
2014-07-28         -0.004753        ...              -0.007438      0.008780   
2014-07-29          0.005778        ...               0.004037      0.008674   
2014-07-30         -0.006210        ...              -0.003707      0.003721   
2014-07-31         -0.019409        ...              -0.013773      0.000996   
2014-08-01         -0.020983        ...              -0.012777     -0.009065   
2014-08-04         -0.006074        ...              -0.003388      0.002758   
2014-08-05          0.003889        ...               0.003575      0.001959   
2014-08-06         -0.006496        ...              -0.001184     -0.002602   
2014-08-07         -0.009975        ...              -0.009852     -0.007996   
2014-08-08         -0.003280        ...              -0.007054     -0.002302   
2014-08-11          0.019027        ...               0.005771      0.012930   
2014-08-12         -0.012120        ...               0.001781      0.001761   
2014-08-13          0.014269        ...              -0.000313      0.008138   
2014-08-14          0.002850        ...               0.005188     -0.003575   
2014-08-15         -0.014363        ...              -0.002426      0.006192   
2014-08-18          0.016797        ...               0.003048      0.000021   
2014-08-19          0.009621        ...               0.009555      0.006711   
2014-08-20         -0.002112        ...               0.001207      0.001465   
2014-08-21          0.009336        ...               0.004542     -0.006584   
2014-08-22         -0.006633        ...               0.001473      0.004726   
2014-08-25          0.018307        ...               0.005826      0.002177   
2014-08-26          0.008203        ...               0.016407     -0.003672   
2014-08-27         -0.001923        ...               0.006118     -0.006211   
2014-08-28         -0.011197        ...              -0.003114     -0.007133   
2014-08-29          0.000804        ...              -0.001606      0.000043   

            HKongTime2  HKongRolMean2  Return_Nikkei  NikkeiTime2  \
Date                                                                
1993-01-04   -0.005505      -0.002697       0.004077    -0.016892   
1993-01-05    0.006458       0.003366      -0.008885    -0.004845   
1993-01-06    0.027382       0.013621      -0.003562    -0.012416   
1993-01-07   -0.000126      -0.000039      -0.000119    -0.003681   
1993-01-08   -0.010221      -0.005122      -0.008700    -0.008818   
1993-01-11    0.022678       0.011380      -0.002705    -0.011382   
1993-01-12    0.025626       0.012817       0.005485     0.002765   
1993-01-13    0.018614       0.009310      -0.009772    -0.004340   
1993-01-14    0.038598       0.019116      -0.000121    -0.009891   
1993-01-15    0.016111       0.008086       0.002997    -0.001949   
1993-01-18   -0.001392      -0.000693       0.006115     0.005993   
1993-01-19    0.004445       0.002220       0.010953     0.017135   
1993-01-20   -0.000850      -0.000420      -0.017203    -0.006439   
1993-01-21    0.002798       0.001410       0.001757    -0.015477   
1993-01-22    0.004514       0.002263      -0.012214    -0.010478   
1993-01-25    0.006230       0.003115      -0.003061    -0.015237   
1993-01-26    0.007946       0.003968       0.012648     0.009549   
1993-01-27    0.004312       0.002154       0.001031     0.013692   
1993-01-28   -0.020123      -0.010030       0.033495     0.034560   
1993-01-29   -0.031735      -0.015972      -0.002286     0.031133   
1993-02-01   -0.018382      -0.009234       0.006461     0.004161   
1993-02-02   -0.015457      -0.007757       0.003035     0.009516   
1993-02-03    0.002282       0.001167       0.002095     0.005136   
1993-02-04    0.020397       0.010148      -0.001800     0.000291   
1993-02-05    0.006374       0.003218       0.008260     0.006445   
1993-02-08    0.001506       0.000771      -0.002942     0.005293   
1993-02-09    0.007360       0.003678      -0.015045    -0.017943   
1993-02-10    0.008450       0.004223       0.003995    -0.011110   
1993-02-11    0.011659       0.005815      -0.004966    -0.010548   
1993-02-12    0.003873       0.001936      -0.013926    -0.009987   
...                ...            ...            ...          ...   
2014-07-21   -0.005686      -0.002847       0.000000    -0.010055   
2014-07-22    0.013955       0.007002       0.008384     0.008384   
2014-07-23    0.025002       0.012434      -0.000959     0.007417   
2014-07-24    0.015112       0.007528      -0.002880    -0.003836   
2014-07-25    0.010184       0.005081       0.011348     0.008436   
2014-07-28    0.011894       0.005933       0.004627     0.016028   
2014-07-29    0.017531       0.008727       0.005710     0.010364   
2014-07-30    0.012427       0.006197       0.001803     0.007523   
2014-07-31    0.004721       0.002358      -0.001627     0.000173   
2014-08-01   -0.008078      -0.004034      -0.006252    -0.007869   
2014-08-04   -0.006332      -0.003154      -0.003131    -0.009364   
2014-08-05    0.004722       0.002358      -0.009964    -0.013064   
2014-08-06   -0.000648      -0.000322      -0.010478    -0.020337   
2014-08-07   -0.010577      -0.005299       0.004788    -0.005740   
2014-08-08   -0.010280      -0.005149      -0.029805    -0.025160   
2014-08-11    0.010598       0.005314       0.023829    -0.006686   
2014-08-12    0.014713       0.007345       0.002035     0.025912   
2014-08-13    0.009913       0.004949       0.003451     0.005493   
2014-08-14    0.004534       0.002282       0.006635     0.010109   
2014-08-15    0.002595       0.001309       0.000246     0.006883   
2014-08-18    0.006213       0.003107       0.000278     0.000524   
2014-08-19    0.006733       0.003366       0.008301     0.008581   
2014-08-20    0.008187       0.004088       0.000302     0.008605   
2014-08-21   -0.005129      -0.002560       0.008525     0.008829   
2014-08-22   -0.001889      -0.000929      -0.003016     0.005483   
2014-08-25    0.006914       0.003452       0.004766     0.001735   
2014-08-26   -0.001502      -0.000747      -0.005894    -0.001156   
2014-08-27   -0.009861      -0.004942       0.000876    -0.005023   
2014-08-28   -0.013300      -0.006672      -0.004825    -0.003953   
2014-08-29   -0.007091      -0.003545      -0.002281    -0.007096   

            NikkeiRolMean2  Return_Australia  AustraliaTime2  \
Date                                                           
1993-01-04       -0.008404          0.007286        0.015332   
1993-01-05       -0.002404          0.002411        0.009714   
1993-01-06       -0.006224         -0.015887       -0.013514   
1993-01-07       -0.001841         -0.008168       -0.023926   
1993-01-08       -0.004410         -0.020556       -0.028557   
1993-01-11       -0.005703          0.008739       -0.011997   
1993-01-12        0.001390         -0.003741        0.004966   
1993-01-13       -0.002143         -0.010343       -0.014046   
1993-01-14       -0.004946          0.008787       -0.001647   
1993-01-15       -0.000975          0.012340        0.021236   
1993-01-18        0.002997          0.002738        0.015112   
1993-01-19        0.008534         -0.006956       -0.004237   
1993-01-20       -0.003125          0.002160       -0.004811   
1993-01-21       -0.007723         -0.001633        0.000524   
1993-01-22       -0.005229          0.003010        0.001372   
1993-01-25       -0.007637         -0.000130        0.002879   
1993-01-26        0.004794          0.004110        0.003979   
1993-01-27        0.006839          0.003444        0.007568   
1993-01-28        0.017263         -0.005374       -0.001949   
1993-01-29        0.015605          0.000260       -0.005115   
1993-02-01        0.002088          0.001172        0.001432   
1993-02-02        0.004748          0.000000        0.001172   
1993-02-03        0.002565          0.000130        0.000130   
1993-02-04        0.000147          0.000975        0.001105   
1993-02-05        0.003230          0.008117        0.009100   
1993-02-08        0.002659          0.010306        0.018506   
1993-02-09       -0.008993          0.016959        0.027440   
1993-02-10       -0.005525          0.004326        0.021358   
1993-02-11       -0.005245          0.005056        0.009404   
1993-02-12       -0.004966          0.002609        0.007678   
...                    ...               ...             ...   
2014-07-21       -0.005028          0.001482        0.003169   
2014-07-22        0.004192          0.000614        0.002097   
2014-07-23        0.003712          0.006025        0.006643   
2014-07-24       -0.001919          0.001990        0.008028   
2014-07-25        0.004234         -0.000769        0.001219   
2014-07-28        0.007988         -0.001093       -0.001861   
2014-07-29        0.005169          0.001972        0.000878   
2014-07-30        0.003756          0.006174        0.008158   
2014-07-31        0.000088          0.001778        0.007963   
2014-08-01       -0.003940         -0.013581       -0.011827   
2014-08-04       -0.004692         -0.002790       -0.016333   
2014-08-05       -0.006548         -0.004025       -0.006803   
2014-08-06       -0.010221         -0.001196       -0.005216   
2014-08-07       -0.002845         -0.000544       -0.001740   
2014-08-08       -0.012509         -0.013378       -0.013915   
2014-08-11       -0.002988          0.003992       -0.009439   
2014-08-12        0.012932          0.013432        0.017478   
2014-08-13        0.002743         -0.002821        0.010574   
2014-08-14        0.005043          0.006129        0.003291   
2014-08-15        0.003441          0.003244        0.009393   
2014-08-18        0.000262          0.003701        0.006957   
2014-08-19        0.004289          0.006569        0.010294   
2014-08-20        0.004301          0.001920        0.008502   
2014-08-21        0.004413          0.000763        0.002685   
2014-08-22        0.002754          0.001188        0.001952   
2014-08-25        0.000875         -0.001895       -0.000709   
2014-08-26       -0.000564          0.000479       -0.001417   
2014-08-27       -0.002509          0.002412        0.002893   
2014-08-28       -0.001975         -0.004742       -0.002341   
2014-08-29       -0.003553          0.000267       -0.004477   

            AustraliaRolMean2  
Date                           
1993-01-04           0.007637  
1993-01-05           0.004848  
1993-01-06          -0.006738  
1993-01-07          -0.012028  
1993-01-08          -0.014362  
1993-01-11          -0.005908  
1993-01-12           0.002499  
1993-01-13          -0.007042  
1993-01-14          -0.000778  
1993-01-15           0.010564  
1993-01-18           0.007539  
1993-01-19          -0.002109  
1993-01-20          -0.002398  
1993-01-21           0.000264  
1993-01-22           0.000688  
1993-01-25           0.001440  
1993-01-26           0.001990  
1993-01-27           0.003777  
1993-01-28          -0.000965  
1993-01-29          -0.002557  
1993-02-01           0.000716  
1993-02-02           0.000586  
1993-02-03           0.000065  
1993-02-04           0.000552  
1993-02-05           0.004546  
1993-02-08           0.009211  
1993-02-09           0.013632  
1993-02-10           0.010642  
1993-02-11           0.004691  
1993-02-12           0.003832  
...                       ...  
2014-07-21           0.001583  
2014-07-22           0.001048  
2014-07-23           0.003320  
2014-07-24           0.004008  
2014-07-25           0.000610  
2014-07-28          -0.000931  
2014-07-29           0.000440  
2014-07-30           0.004073  
2014-07-31           0.003976  
2014-08-01          -0.005901  
2014-08-04          -0.008185  
2014-08-05          -0.003407  
2014-08-06          -0.002610  
2014-08-07          -0.000870  
2014-08-08          -0.006961  
2014-08-11          -0.004693  
2014-08-12           0.008712  
2014-08-13           0.005306  
2014-08-14           0.001654  
2014-08-15           0.004687  
2014-08-18           0.003472  
2014-08-19           0.005135  
2014-08-20           0.004245  
2014-08-21           0.001342  
2014-08-22           0.000976  
2014-08-25          -0.000354  
2014-08-26          -0.000708  
2014-08-27           0.001446  
2014-08-28          -0.001165  
2014-08-29          -0.002238  

[5456 rows x 27 columns] 
